<?xml version="1.0" encoding="UTF-8"?>
<!-- Generated by org.testng.reporters.JUnitXMLReporter -->
<testsuite hostname="Charming" ignored="0" name="Command line test" tests="2" failures="1" timestamp="17 Aug 2019 00:41:22 GMT" time="0.181" errors="0">
  <testcase name="FirstTest" time="0.038" classname="mavensample.tests.SampleTest">
    <failure type="java.lang.AssertionError" message="null">
      <![CDATA[java.lang.AssertionError: null
at mavensample.tests.SampleTest.FirstTest(SampleTest.java:10)
... Removed 36 stack frames]]>
    </failure>
  </testcase> <!-- FirstTest -->
  <testcase name="SecondTest" time="0.009" classname="mavensample.tests.SampleTest"/>
</testsuite> <!-- Command line test -->
