<?xml version="1.0" encoding="UTF-8"?>
<testng-results skipped="0" failed="0" ignored="0" total="2" passed="2">
  <reporter-output>
  </reporter-output>
  <suite name="Default suite" duration-ms="193" started-at="2019-08-17T00:24:47Z" finished-at="2019-08-17T00:24:47Z">
    <groups>
    </groups>
    <test name="Default test" duration-ms="193" started-at="2019-08-17T00:24:47Z" finished-at="2019-08-17T00:24:47Z">
      <class name="mavensample.tests.SampleTest">
        <test-method status="PASS" signature="FirstTest()[pri:0, instance:mavensample.tests.SampleTest@1593948d]" name="FirstTest" duration-ms="64" started-at="2019-08-17T00:24:47Z" finished-at="2019-08-17T00:24:47Z">
          <reporter-output>
          </reporter-output>
        </test-method> <!-- FirstTest -->
        <test-method status="PASS" signature="SecondTest()[pri:0, instance:mavensample.tests.SampleTest@1593948d]" name="SecondTest" duration-ms="4" started-at="2019-08-17T00:24:47Z" finished-at="2019-08-17T00:24:47Z">
          <reporter-output>
          </reporter-output>
        </test-method> <!-- SecondTest -->
      </class> <!-- mavensample.tests.SampleTest -->
    </test> <!-- Default test -->
  </suite> <!-- Default suite -->
</testng-results>
